[04-Nov-2024 13:33:44 Asia/Manila] PHP Warning:  foreach() argument must be of type array|object, null given in D:\xampp\htdocs\MH_Office\admin\Doctor_schedule.php on line 696
[04-Nov-2024 13:33:44 Asia/Manila] PHP Warning:  foreach() argument must be of type array|object, null given in D:\xampp\htdocs\MH_Office\admin\Doctor_schedule.php on line 696
[04-Nov-2024 13:33:46 Asia/Manila] PHP Warning:  foreach() argument must be of type array|object, null given in D:\xampp\htdocs\MH_Office\admin\Doctor_schedule.php on line 696
[04-Nov-2024 13:33:46 Asia/Manila] PHP Warning:  foreach() argument must be of type array|object, null given in D:\xampp\htdocs\MH_Office\admin\Doctor_schedule.php on line 696
[04-Nov-2024 13:33:48 Asia/Manila] PHP Warning:  foreach() argument must be of type array|object, null given in D:\xampp\htdocs\MH_Office\admin\Doctor_schedule.php on line 696
[04-Nov-2024 13:33:48 Asia/Manila] PHP Warning:  foreach() argument must be of type array|object, null given in D:\xampp\htdocs\MH_Office\admin\Doctor_schedule.php on line 696
[04-Nov-2024 13:34:30 Asia/Manila] PHP Warning:  foreach() argument must be of type array|object, null given in D:\xampp\htdocs\MH_Office\admin\Doctor_schedule.php on line 696
[04-Nov-2024 13:37:50 Asia/Manila] PHP Warning:  foreach() argument must be of type array|object, null given in D:\xampp\htdocs\MH_Office\admin\Doctor_schedule.php on line 696
[04-Nov-2024 13:40:38 Asia/Manila] PHP Warning:  Undefined array key "status" in D:\xampp\htdocs\MH_Office\admin\Doctor_schedule.php on line 609
[04-Nov-2024 13:40:38 Asia/Manila] PHP Warning:  Undefined array key "status" in D:\xampp\htdocs\MH_Office\admin\Doctor_schedule.php on line 609
[04-Nov-2024 13:40:38 Asia/Manila] PHP Warning:  Undefined array key "status" in D:\xampp\htdocs\MH_Office\admin\Doctor_schedule.php on line 609
[04-Nov-2024 13:40:38 Asia/Manila] PHP Warning:  foreach() argument must be of type array|object, null given in D:\xampp\htdocs\MH_Office\admin\Doctor_schedule.php on line 699
[04-Nov-2024 13:42:17 Asia/Manila] PHP Warning:  foreach() argument must be of type array|object, null given in D:\xampp\htdocs\MH_Office\admin\Doctor_schedule.php on line 710
[04-Nov-2024 13:43:01 Asia/Manila] PHP Fatal error:  Uncaught PDOException: SQLSTATE[42S22]: Column not found: 1054 Unknown column 'ds.status' in 'field list' in D:\xampp\htdocs\MH_Office\admin\Doctor_schedule.php:539
Stack trace:
#0 D:\xampp\htdocs\MH_Office\admin\Doctor_schedule.php(539): PDOStatement->execute()
#1 {main}
  thrown in D:\xampp\htdocs\MH_Office\admin\Doctor_schedule.php on line 539
[04-Nov-2024 13:43:02 Asia/Manila] PHP Fatal error:  Uncaught PDOException: SQLSTATE[42S22]: Column not found: 1054 Unknown column 'ds.status' in 'field list' in D:\xampp\htdocs\MH_Office\admin\Doctor_schedule.php:539
Stack trace:
#0 D:\xampp\htdocs\MH_Office\admin\Doctor_schedule.php(539): PDOStatement->execute()
#1 {main}
  thrown in D:\xampp\htdocs\MH_Office\admin\Doctor_schedule.php on line 539
[04-Nov-2024 13:43:19 Asia/Manila] PHP Fatal error:  Uncaught PDOException: SQLSTATE[42S22]: Column not found: 1054 Unknown column 'ds.status' in 'field list' in D:\xampp\htdocs\MH_Office\admin\Doctor_schedule.php:539
Stack trace:
#0 D:\xampp\htdocs\MH_Office\admin\Doctor_schedule.php(539): PDOStatement->execute()
#1 {main}
  thrown in D:\xampp\htdocs\MH_Office\admin\Doctor_schedule.php on line 539
[04-Nov-2024 13:43:30 Asia/Manila] PHP Fatal error:  Uncaught PDOException: SQLSTATE[42S22]: Column not found: 1054 Unknown column 'ds.status' in 'field list' in D:\xampp\htdocs\MH_Office\admin\Doctor_schedule.php:539
Stack trace:
#0 D:\xampp\htdocs\MH_Office\admin\Doctor_schedule.php(539): PDOStatement->execute()
#1 {main}
  thrown in D:\xampp\htdocs\MH_Office\admin\Doctor_schedule.php on line 539
[04-Nov-2024 13:43:45 Asia/Manila] PHP Fatal error:  Uncaught PDOException: SQLSTATE[42S22]: Column not found: 1054 Unknown column 'ds.status' in 'field list' in D:\xampp\htdocs\MH_Office\admin\Doctor_schedule.php:539
Stack trace:
#0 D:\xampp\htdocs\MH_Office\admin\Doctor_schedule.php(539): PDOStatement->execute()
#1 {main}
  thrown in D:\xampp\htdocs\MH_Office\admin\Doctor_schedule.php on line 539
[04-Nov-2024 13:43:47 Asia/Manila] PHP Fatal error:  Uncaught PDOException: SQLSTATE[42S22]: Column not found: 1054 Unknown column 'ds.status' in 'field list' in D:\xampp\htdocs\MH_Office\admin\Doctor_schedule.php:539
Stack trace:
#0 D:\xampp\htdocs\MH_Office\admin\Doctor_schedule.php(539): PDOStatement->execute()
#1 {main}
  thrown in D:\xampp\htdocs\MH_Office\admin\Doctor_schedule.php on line 539
[04-Nov-2024 13:44:29 Asia/Manila] PHP Warning:  foreach() argument must be of type array|object, null given in D:\xampp\htdocs\MH_Office\admin\Doctor_schedule.php on line 694
[04-Nov-2024 13:45:55 Asia/Manila] PHP Warning:  foreach() argument must be of type array|object, null given in D:\xampp\htdocs\MH_Office\admin\Doctor_schedule.php on line 702
[04-Nov-2024 13:47:52 Asia/Manila] PHP Warning:  foreach() argument must be of type array|object, null given in D:\xampp\htdocs\MH_Office\admin\Doctor_schedule.php on line 700
[04-Nov-2024 13:50:21 Asia/Manila] PHP Warning:  foreach() argument must be of type array|object, null given in D:\xampp\htdocs\MH_Office\admin\Doctor_schedule.php on line 702
[04-Nov-2024 13:50:42 Asia/Manila] PHP Warning:  foreach() argument must be of type array|object, null given in D:\xampp\htdocs\MH_Office\admin\Doctor_schedule.php on line 702
[04-Nov-2024 13:51:21 Asia/Manila] PHP Warning:  foreach() argument must be of type array|object, null given in D:\xampp\htdocs\MH_Office\admin\Doctor_schedule.php on line 700
[04-Nov-2024 13:51:35 Asia/Manila] PHP Warning:  foreach() argument must be of type array|object, null given in D:\xampp\htdocs\MH_Office\admin\Doctor_schedule.php on line 700
[04-Nov-2024 13:52:09 Asia/Manila] PHP Warning:  foreach() argument must be of type array|object, null given in D:\xampp\htdocs\MH_Office\admin\Doctor_schedule.php on line 700
[04-Nov-2024 13:53:22 Asia/Manila] PHP Warning:  foreach() argument must be of type array|object, null given in D:\xampp\htdocs\MH_Office\admin\Doctor_schedule.php on line 698
[04-Nov-2024 13:53:34 Asia/Manila] PHP Warning:  foreach() argument must be of type array|object, null given in D:\xampp\htdocs\MH_Office\admin\Doctor_schedule.php on line 698
[04-Nov-2024 13:54:24 Asia/Manila] PHP Warning:  foreach() argument must be of type array|object, null given in D:\xampp\htdocs\MH_Office\admin\Doctor_schedule.php on line 698
[04-Nov-2024 13:55:42 Asia/Manila] PHP Warning:  foreach() argument must be of type array|object, null given in D:\xampp\htdocs\MH_Office\admin\Doctor_schedule.php on line 698
[04-Nov-2024 13:55:44 Asia/Manila] PHP Warning:  foreach() argument must be of type array|object, null given in D:\xampp\htdocs\MH_Office\admin\Doctor_schedule.php on line 698
[04-Nov-2024 13:56:29 Asia/Manila] PHP Warning:  foreach() argument must be of type array|object, null given in D:\xampp\htdocs\MH_Office\admin\Doctor_schedule.php on line 698
[04-Nov-2024 13:56:31 Asia/Manila] PHP Warning:  foreach() argument must be of type array|object, null given in D:\xampp\htdocs\MH_Office\admin\Doctor_schedule.php on line 698
[04-Nov-2024 13:57:46 Asia/Manila] PHP Warning:  foreach() argument must be of type array|object, null given in D:\xampp\htdocs\MH_Office\admin\Doctor_schedule.php on line 698
[04-Nov-2024 13:57:52 Asia/Manila] PHP Warning:  foreach() argument must be of type array|object, null given in D:\xampp\htdocs\MH_Office\admin\Doctor_schedule.php on line 698
[04-Nov-2024 13:58:14 Asia/Manila] PHP Warning:  foreach() argument must be of type array|object, null given in D:\xampp\htdocs\MH_Office\admin\Doctor_schedule.php on line 698
[04-Nov-2024 13:58:17 Asia/Manila] PHP Warning:  foreach() argument must be of type array|object, null given in D:\xampp\htdocs\MH_Office\admin\Doctor_schedule.php on line 698
[04-Nov-2024 13:58:52 Asia/Manila] PHP Warning:  foreach() argument must be of type array|object, null given in D:\xampp\htdocs\MH_Office\admin\Doctor_schedule.php on line 698
[04-Nov-2024 13:58:55 Asia/Manila] PHP Warning:  foreach() argument must be of type array|object, null given in D:\xampp\htdocs\MH_Office\admin\Doctor_schedule.php on line 698
[04-Nov-2024 13:59:05 Asia/Manila] PHP Warning:  foreach() argument must be of type array|object, null given in D:\xampp\htdocs\MH_Office\admin\Doctor_schedule.php on line 698
[04-Nov-2024 13:59:07 Asia/Manila] PHP Warning:  foreach() argument must be of type array|object, null given in D:\xampp\htdocs\MH_Office\admin\Doctor_schedule.php on line 698
[04-Nov-2024 13:59:46 Asia/Manila] PHP Warning:  foreach() argument must be of type array|object, null given in D:\xampp\htdocs\MH_Office\admin\Doctor_schedule.php on line 698
[04-Nov-2024 14:00:12 Asia/Manila] PHP Warning:  foreach() argument must be of type array|object, null given in D:\xampp\htdocs\MH_Office\admin\Doctor_schedule.php on line 700
[04-Nov-2024 14:01:15 Asia/Manila] PHP Warning:  foreach() argument must be of type array|object, null given in D:\xampp\htdocs\MH_Office\admin\Doctor_schedule.php on line 704
[04-Nov-2024 14:01:36 Asia/Manila] PHP Warning:  foreach() argument must be of type array|object, null given in D:\xampp\htdocs\MH_Office\admin\Doctor_schedule.php on line 704
[04-Nov-2024 14:01:58 Asia/Manila] PHP Warning:  foreach() argument must be of type array|object, null given in D:\xampp\htdocs\MH_Office\admin\Doctor_schedule.php on line 704
[04-Nov-2024 14:02:00 Asia/Manila] PHP Warning:  foreach() argument must be of type array|object, null given in D:\xampp\htdocs\MH_Office\admin\Doctor_schedule.php on line 704
[04-Nov-2024 14:03:01 Asia/Manila] PHP Warning:  foreach() argument must be of type array|object, null given in D:\xampp\htdocs\MH_Office\admin\Doctor_schedule.php on line 704
[04-Nov-2024 14:03:10 Asia/Manila] PHP Warning:  foreach() argument must be of type array|object, null given in D:\xampp\htdocs\MH_Office\admin\Doctor_schedule.php on line 704
[04-Nov-2024 14:06:11 Asia/Manila] PHP Warning:  foreach() argument must be of type array|object, null given in D:\xampp\htdocs\MH_Office\admin\Doctor_schedule.php on line 704
[04-Nov-2024 14:06:48 Asia/Manila] PHP Warning:  foreach() argument must be of type array|object, null given in D:\xampp\htdocs\MH_Office\admin\Doctor_schedule.php on line 704
[04-Nov-2024 14:07:58 Asia/Manila] PHP Warning:  Undefined array key "date_schedule" in D:\xampp\htdocs\MH_Office\admin\Doctor_schedule.php on line 593
[04-Nov-2024 14:07:58 Asia/Manila] PHP Warning:  Undefined array key "date_schedule" in D:\xampp\htdocs\MH_Office\admin\Doctor_schedule.php on line 593
[04-Nov-2024 14:07:58 Asia/Manila] PHP Warning:  Undefined array key "date_schedule" in D:\xampp\htdocs\MH_Office\admin\Doctor_schedule.php on line 593
[04-Nov-2024 14:07:58 Asia/Manila] PHP Warning:  foreach() argument must be of type array|object, null given in D:\xampp\htdocs\MH_Office\admin\Doctor_schedule.php on line 706
[04-Nov-2024 14:08:24 Asia/Manila] PHP Warning:  foreach() argument must be of type array|object, null given in D:\xampp\htdocs\MH_Office\admin\Doctor_schedule.php on line 707
[04-Nov-2024 14:10:03 Asia/Manila] PHP Warning:  foreach() argument must be of type array|object, null given in D:\xampp\htdocs\MH_Office\admin\Doctor_schedule.php on line 707
[04-Nov-2024 14:10:08 Asia/Manila] PHP Warning:  foreach() argument must be of type array|object, null given in D:\xampp\htdocs\MH_Office\admin\Doctor_schedule.php on line 707
[04-Nov-2024 14:11:02 Asia/Manila] PHP Warning:  foreach() argument must be of type array|object, null given in D:\xampp\htdocs\MH_Office\admin\Doctor_schedule.php on line 707
[04-Nov-2024 14:11:06 Asia/Manila] PHP Warning:  foreach() argument must be of type array|object, null given in D:\xampp\htdocs\MH_Office\admin\Doctor_schedule.php on line 707
[04-Nov-2024 14:11:34 Asia/Manila] PHP Warning:  foreach() argument must be of type array|object, null given in D:\xampp\htdocs\MH_Office\admin\Doctor_schedule.php on line 707
[04-Nov-2024 14:11:37 Asia/Manila] PHP Warning:  foreach() argument must be of type array|object, null given in D:\xampp\htdocs\MH_Office\admin\Doctor_schedule.php on line 707
[04-Nov-2024 14:12:27 Asia/Manila] PHP Warning:  foreach() argument must be of type array|object, null given in D:\xampp\htdocs\MH_Office\admin\Doctor_schedule.php on line 707
[04-Nov-2024 14:13:01 Asia/Manila] PHP Warning:  foreach() argument must be of type array|object, null given in D:\xampp\htdocs\MH_Office\admin\Doctor_schedule.php on line 707
[04-Nov-2024 14:15:15 Asia/Manila] PHP Warning:  foreach() argument must be of type array|object, null given in D:\xampp\htdocs\MH_Office\admin\Doctor_schedule.php on line 707
[04-Nov-2024 15:46:38 Asia/Manila] PHP Warning:  foreach() argument must be of type array|object, null given in D:\xampp\htdocs\MH_Office\admin\Doctor_schedule.php on line 715
[04-Nov-2024 15:47:08 Asia/Manila] PHP Warning:  foreach() argument must be of type array|object, null given in D:\xampp\htdocs\MH_Office\admin\Doctor_schedule.php on line 715
[04-Nov-2024 15:47:21 Asia/Manila] PHP Warning:  foreach() argument must be of type array|object, null given in D:\xampp\htdocs\MH_Office\admin\Doctor_schedule.php on line 715
[04-Nov-2024 15:47:22 Asia/Manila] PHP Warning:  foreach() argument must be of type array|object, null given in D:\xampp\htdocs\MH_Office\admin\Doctor_schedule.php on line 715
[04-Nov-2024 15:47:25 Asia/Manila] PHP Warning:  foreach() argument must be of type array|object, null given in D:\xampp\htdocs\MH_Office\admin\Doctor_schedule.php on line 715
[04-Nov-2024 15:47:35 Asia/Manila] PHP Warning:  foreach() argument must be of type array|object, null given in D:\xampp\htdocs\MH_Office\admin\Doctor_schedule.php on line 715
[04-Nov-2024 15:49:42 Asia/Manila] PHP Warning:  foreach() argument must be of type array|object, null given in D:\xampp\htdocs\MH_Office\admin\Doctor_schedule.php on line 720
[04-Nov-2024 15:49:45 Asia/Manila] PHP Warning:  foreach() argument must be of type array|object, null given in D:\xampp\htdocs\MH_Office\admin\Doctor_schedule.php on line 720
[04-Nov-2024 15:49:48 Asia/Manila] PHP Warning:  foreach() argument must be of type array|object, null given in D:\xampp\htdocs\MH_Office\admin\Doctor_schedule.php on line 720
[04-Nov-2024 15:51:12 Asia/Manila] PHP Warning:  foreach() argument must be of type array|object, null given in D:\xampp\htdocs\MH_Office\admin\Doctor_schedule.php on line 720
[05-Nov-2024 15:55:57 Asia/Manila] PHP Warning:  foreach() argument must be of type array|object, null given in D:\xampp\htdocs\MH_Office\admin\Doctor_schedule.php on line 720
[05-Nov-2024 16:17:24 Asia/Manila] PHP Warning:  foreach() argument must be of type array|object, null given in D:\xampp\htdocs\MH_Office\admin\Doctor_schedule.php on line 720
