[02-Dec-2024 12:11:26 Asia/Manila] PHP Fatal error:  Uncaught PDOException: SQLSTATE[42S22]: Column not found: 1054 Unknown column 'C.created_at' in 'ON' in /home/u926430213/domains/lutayanrhu.site/public_html/controller/adult_immunization_record.php:30
Stack trace:
#0 /home/u926430213/domains/lutayanrhu.site/public_html/controller/adult_immunization_record.php(30): PDOStatement->execute()
#1 {main}
  thrown in /home/u926430213/domains/lutayanrhu.site/public_html/controller/adult_immunization_record.php on line 30
[02-Dec-2024 12:13:30 Asia/Manila] PHP Fatal error:  Uncaught PDOException: SQLSTATE[42S22]: Column not found: 1054 Unknown column 'C.created_at' in 'ON' in /home/u926430213/domains/lutayanrhu.site/public_html/controller/adult_immunization_record.php:30
Stack trace:
#0 /home/u926430213/domains/lutayanrhu.site/public_html/controller/adult_immunization_record.php(30): PDOStatement->execute()
#1 {main}
  thrown in /home/u926430213/domains/lutayanrhu.site/public_html/controller/adult_immunization_record.php on line 30
[02-Dec-2024 12:13:32 Asia/Manila] PHP Fatal error:  Uncaught PDOException: SQLSTATE[42S22]: Column not found: 1054 Unknown column 'C.created_at' in 'ON' in /home/u926430213/domains/lutayanrhu.site/public_html/controller/adult_immunization_record.php:30
Stack trace:
#0 /home/u926430213/domains/lutayanrhu.site/public_html/controller/adult_immunization_record.php(30): PDOStatement->execute()
#1 {main}
  thrown in /home/u926430213/domains/lutayanrhu.site/public_html/controller/adult_immunization_record.php on line 30
[02-Dec-2024 12:14:40 Asia/Manila] PHP Fatal error:  Uncaught PDOException: SQLSTATE[42S22]: Column not found: 1054 Unknown column 'C.created_at' in 'ON' in /home/u926430213/domains/lutayanrhu.site/public_html/controller/adult_immunization_record.php:30
Stack trace:
#0 /home/u926430213/domains/lutayanrhu.site/public_html/controller/adult_immunization_record.php(30): PDOStatement->execute()
#1 {main}
  thrown in /home/u926430213/domains/lutayanrhu.site/public_html/controller/adult_immunization_record.php on line 30
[02-Dec-2024 12:16:31 Asia/Manila] PHP Fatal error:  Uncaught PDOException: SQLSTATE[42S22]: Column not found: 1054 Unknown column 'C.created_at' in 'ON' in /home/u926430213/domains/lutayanrhu.site/public_html/controller/adult_immunization_record.php:30
Stack trace:
#0 /home/u926430213/domains/lutayanrhu.site/public_html/controller/adult_immunization_record.php(30): PDOStatement->execute()
#1 {main}
  thrown in /home/u926430213/domains/lutayanrhu.site/public_html/controller/adult_immunization_record.php on line 30
[02-Dec-2024 12:20:22 Asia/Manila] PHP Fatal error:  Uncaught PDOException: SQLSTATE[42S22]: Column not found: 1054 Unknown column 'C.created_at' in 'ON' in /home/u926430213/domains/lutayanrhu.site/public_html/controller/adult_immunization_record.php:29
Stack trace:
#0 /home/u926430213/domains/lutayanrhu.site/public_html/controller/adult_immunization_record.php(29): PDOStatement->execute()
#1 {main}
  thrown in /home/u926430213/domains/lutayanrhu.site/public_html/controller/adult_immunization_record.php on line 29
[02-Dec-2024 12:20:26 Asia/Manila] PHP Fatal error:  Uncaught PDOException: SQLSTATE[42S22]: Column not found: 1054 Unknown column 'C.created_at' in 'ON' in /home/u926430213/domains/lutayanrhu.site/public_html/controller/adult_immunization_record.php:29
Stack trace:
#0 /home/u926430213/domains/lutayanrhu.site/public_html/controller/adult_immunization_record.php(29): PDOStatement->execute()
#1 {main}
  thrown in /home/u926430213/domains/lutayanrhu.site/public_html/controller/adult_immunization_record.php on line 29
[02-Dec-2024 12:20:32 Asia/Manila] PHP Fatal error:  Uncaught PDOException: SQLSTATE[42S22]: Column not found: 1054 Unknown column 'C.created_at' in 'ON' in /home/u926430213/domains/lutayanrhu.site/public_html/controller/adult_immunization_record.php:29
Stack trace:
#0 /home/u926430213/domains/lutayanrhu.site/public_html/controller/adult_immunization_record.php(29): PDOStatement->execute()
#1 {main}
  thrown in /home/u926430213/domains/lutayanrhu.site/public_html/controller/adult_immunization_record.php on line 29
[02-Dec-2024 12:23:31 Asia/Manila] PHP Fatal error:  Uncaught PDOException: SQLSTATE[42S22]: Column not found: 1054 Unknown column 'C.created_at' in 'ON' in /home/u926430213/domains/lutayanrhu.site/public_html/controller/adult_immunization_record.php:29
Stack trace:
#0 /home/u926430213/domains/lutayanrhu.site/public_html/controller/adult_immunization_record.php(29): PDOStatement->execute()
#1 {main}
  thrown in /home/u926430213/domains/lutayanrhu.site/public_html/controller/adult_immunization_record.php on line 29
