[07-Sep-2024 07:26:16 Europe/Berlin] PHP Warning:  Undefined array key "Province" in D:\xampp\htdocs\MH_Office_final\RHU\patient_form.php on line 87
[07-Sep-2024 07:26:16 Europe/Berlin] PHP Deprecated:  trim(): Passing null to parameter #1 ($string) of type string is deprecated in D:\xampp\htdocs\MH_Office_final\RHU\patient_form.php on line 87
[07-Sep-2024 07:26:16 Europe/Berlin] PHP Warning:  Undefined array key "MemCat" in D:\xampp\htdocs\MH_Office_final\RHU\patient_form.php on line 102
[07-Sep-2024 07:26:16 Europe/Berlin] PHP Deprecated:  trim(): Passing null to parameter #1 ($string) of type string is deprecated in D:\xampp\htdocs\MH_Office_final\RHU\patient_form.php on line 102
[07-Sep-2024 07:26:21 Europe/Berlin] PHP Warning:  Undefined array key "Province" in D:\xampp\htdocs\MH_Office_final\RHU\patient_form.php on line 87
[07-Sep-2024 07:26:21 Europe/Berlin] PHP Deprecated:  trim(): Passing null to parameter #1 ($string) of type string is deprecated in D:\xampp\htdocs\MH_Office_final\RHU\patient_form.php on line 87
[07-Sep-2024 07:26:21 Europe/Berlin] PHP Warning:  Undefined array key "MemCat" in D:\xampp\htdocs\MH_Office_final\RHU\patient_form.php on line 102
[07-Sep-2024 07:26:21 Europe/Berlin] PHP Deprecated:  trim(): Passing null to parameter #1 ($string) of type string is deprecated in D:\xampp\htdocs\MH_Office_final\RHU\patient_form.php on line 102
[07-Sep-2024 07:26:54 Europe/Berlin] PHP Warning:  Undefined array key "Province" in D:\xampp\htdocs\MH_Office_final\RHU\patient_form.php on line 87
[07-Sep-2024 07:26:54 Europe/Berlin] PHP Deprecated:  trim(): Passing null to parameter #1 ($string) of type string is deprecated in D:\xampp\htdocs\MH_Office_final\RHU\patient_form.php on line 87
[07-Sep-2024 07:26:54 Europe/Berlin] PHP Warning:  Undefined array key "MemCat" in D:\xampp\htdocs\MH_Office_final\RHU\patient_form.php on line 102
[07-Sep-2024 07:26:54 Europe/Berlin] PHP Deprecated:  trim(): Passing null to parameter #1 ($string) of type string is deprecated in D:\xampp\htdocs\MH_Office_final\RHU\patient_form.php on line 102
[13-Sep-2024 02:06:31 Europe/Berlin] PHP Warning:  Undefined variable $userId in D:\xampp\htdocs\MH_Office_final\RHU\patient_form.php on line 226
[14-Sep-2024 06:40:52 Europe/Berlin] PHP Warning:  Undefined array key "user_type" in D:\xampp\htdocs\MH_Office_final\RHU\config\session.php on line 27
[14-Sep-2024 06:40:52 Europe/Berlin] PHP Warning:  Undefined array key "user_type" in D:\xampp\htdocs\MH_Office_final\RHU\config\session.php on line 30
[14-Sep-2024 11:24:11 Europe/Berlin] PHP Warning:  Undefined array key "user_type" in D:\xampp\htdocs\MH_Office_final\RHU\config\session.php on line 27
[14-Sep-2024 11:24:11 Europe/Berlin] PHP Warning:  Undefined array key "user_type" in D:\xampp\htdocs\MH_Office_final\RHU\config\session.php on line 30
[23-Sep-2024 10:52:10 Europe/Berlin] PHP Warning:  Undefined variable $recordId in D:\xampp\htdocs\MH_Office_final\RHU\patient_form.php on line 244
[23-Sep-2024 10:53:51 Europe/Berlin] PHP Warning:  Undefined variable $recordId in D:\xampp\htdocs\MH_Office_final\RHU\patient_form.php on line 244
[23-Sep-2024 10:57:33 Europe/Berlin] PHP Warning:  Undefined variable $recordId in D:\xampp\htdocs\MH_Office_final\RHU\patient_form.php on line 244
[23-Sep-2024 11:01:37 Europe/Berlin] PHP Warning:  Undefined variable $recordId in D:\xampp\htdocs\MH_Office_final\RHU\patient_form.php on line 248
